<?xml version="1.0" encoding="UTF-8"?>
<!-- Generated by org.testng.reporters.JUnitReportReporter -->
<testsuite hostname="DESKTOP-5L7M33A" failures="0" tests="4" name="com.test.TekSchoolRegTest" time="8.145" errors="0" timestamp="2022-04-20T15:35:42 EDT" skipped="0">
  <testcase classname="com.test.TekSchoolRegTest" name="loginTest" time="5.427"/>
  <system-out/>
  <testcase classname="com.test.TekSchoolRegTest" name="loginTest" time="0.859"/>
  <system-out/>
  <testcase classname="com.test.TekSchoolRegTest" name="loginTest" time="0.901"/>
  <system-out/>
  <testcase classname="com.test.TekSchoolRegTest" name="loginTest" time="0.958"/>
  <system-out/>
</testsuite> <!-- com.test.TekSchoolRegTest -->
