<?xml version="1.0" encoding="UTF-8"?>
<!-- Generated by org.testng.reporters.JUnitReportReporter -->
<testsuite hostname="DESKTOP-5L7M33A" failures="0" tests="6" name="com.test.GoogleTest" time="27.663" errors="0" timestamp="2022-04-20T15:41:19 EDT" skipped="0">
  <testcase classname="com.test.GoogleTest" name="googleTitleTest" time="3.944"/>
  <system-out/>
  <testcase classname="com.test.GoogleTest" name="googleLogoTest" time="4.254"/>
  <system-out/>
  <testcase classname="com.test.GoogleTest" name="gmailLinkTest" time="4.413"/>
  <system-out/>
  <testcase classname="com.test.GoogleTest" name="test1" time="5.732"/>
  <system-out/>
  <testcase classname="com.test.GoogleTest" name="test2" time="4.975"/>
  <system-out/>
  <testcase classname="com.test.GoogleTest" name="test3" time="4.345"/>
  <system-out/>
</testsuite> <!-- com.test.GoogleTest -->
