<?xml version="1.0" encoding="UTF-8"?>
<!-- Generated by org.testng.reporters.JUnitReportReporter -->
<testsuite hostname="DESKTOP-5L7M33A" failures="0" tests="1" name="com.test.ExceptionTimeOutTest" time="0.005" errors="0" timestamp="2022-04-18T15:30:27 EDT" skipped="0">
  <testcase classname="com.test.ExceptionTimeOutTest" name="test1" time="0.005"/>
  <system-out/>
</testsuite> <!-- com.test.ExceptionTimeOutTest -->
