<?xml version="1.0" encoding="UTF-8"?>
<!-- Generated by org.testng.reporters.JUnitReportReporter -->
<testsuite hostname="DESKTOP-5L7M33A" failures="0" tests="2" name="com.test.GoogleTitleTest" time="13.022" errors="0" timestamp="2022-04-18T15:30:27 EDT" skipped="0">
  <testcase classname="com.test.GoogleTitleTest" name="googleTitleTest" time="6.281"/>
  <system-out/>
  <testcase classname="com.test.GoogleTitleTest" name="googleLogoTest" time="6.741"/>
  <system-out/>
</testsuite> <!-- com.test.GoogleTitleTest -->
