<?xml version="1.0" encoding="UTF-8"?>
<!-- Generated by org.testng.reporters.JUnitReportReporter -->
<testsuite hostname="DESKTOP-5L7M33A" failures="0" tests="1" name="com.test.HalfEbdayTest" time="0.000" errors="0" timestamp="2022-04-19T06:04:09 EDT" skipped="1">
  <testcase classname="com.test.HalfEbdayTest" name="regSchool" time="0.000">
    <skipped/>
  </testcase> <!-- regSchool -->
  <system-out/>
</testsuite> <!-- com.test.HalfEbdayTest -->
