<?xml version="1.0" encoding="UTF-8"?>
<!-- Generated by org.testng.reporters.JUnitReportReporter -->
<testsuite hostname="DESKTOP-5L7M33A" failures="0" tests="4" name="com.test.DataProvider_from_excelFile" time="8.493" errors="0" timestamp="2022-04-20T15:43:39 EDT" skipped="0">
  <testcase classname="com.test.DataProvider_from_excelFile" name="loginTest" time="0.870"/>
  <system-out/>
  <testcase classname="com.test.DataProvider_from_excelFile" name="loginTest" time="1.005"/>
  <system-out/>
  <testcase classname="com.test.DataProvider_from_excelFile" name="loginTest" time="0.964"/>
  <system-out/>
  <testcase classname="com.test.DataProvider_from_excelFile" name="loginTest" time="5.654"/>
  <system-out/>
</testsuite> <!-- com.test.DataProvider_from_excelFile -->
