<?xml version="1.0" encoding="UTF-8"?>
<!-- Generated by org.testng.reporters.JUnitReportReporter -->
<testsuite hostname="DESKTOP-5L7M33A" failures="0" tests="4" name="com.test.TestNGFeature" time="0.006" errors="0" timestamp="2022-04-18T15:30:27 EDT" skipped="0">
  <testcase classname="com.test.TestNGFeature" name="registPageTest" time="0.003"/>
  <system-out/>
  <testcase classname="com.test.TestNGFeature" name="loginTest" time="0.001"/>
  <system-out/>
  <testcase classname="com.test.TestNGFeature" name="searchPageTest" time="0.001"/>
  <system-out/>
  <testcase classname="com.test.TestNGFeature" name="homePageTest" time="0.001"/>
  <system-out/>
</testsuite> <!-- com.test.TestNGFeature -->
